11-04-2017 01:34:01 PM - root - INFO - Retrieve all articles for the classification
11-04-2017 01:34:02 PM - root - INFO - TF-IDF done, clustering ongoing ...
11-04-2017 01:34:05 PM - root - INFO - We actually have 1 clusters
11-04-2017 01:34:06 PM - root - INFO - Articles successfully matched to their clusters
11-04-2017 01:34:07 PM - root - INFO - Stored to the collection clusters
11-04-2017 01:34:16 PM - root - INFO - Retrieve all articles for the classification
11-04-2017 01:34:18 PM - root - INFO - TF-IDF done, clustering ongoing ...
11-04-2017 01:34:19 PM - root - INFO - We actually have 150 clusters
11-04-2017 01:34:20 PM - root - INFO - Articles successfully matched to their clusters
11-04-2017 01:34:21 PM - root - INFO - Stored to the collection clusters
11-04-2017 01:34:44 PM - root - INFO - Retrieve all articles for the classification
11-04-2017 01:34:45 PM - root - INFO - TF-IDF done, clustering ongoing ...
11-04-2017 01:34:50 PM - root - INFO - We actually have 1 clusters
11-04-2017 01:34:51 PM - root - INFO - Articles successfully matched to their clusters
11-04-2017 01:34:52 PM - root - INFO - Stored to the collection clusters
11-04-2017 01:35:00 PM - root - INFO - Retrieve all articles for the classification
11-04-2017 01:35:01 PM - root - INFO - TF-IDF done, clustering ongoing ...
11-04-2017 01:35:03 PM - root - INFO - We actually have 150 clusters
11-04-2017 01:35:03 PM - root - INFO - Articles successfully matched to their clusters
11-04-2017 01:35:05 PM - root - INFO - Stored to the collection clusters
