12-04-2017 09:34:10 AM - tldextract - INFO - computed TLDs: [chikuho.fukuoka.jp, భారత్, 公司.hk, pvt.ge, matsuzaki.shizuoka.jp, name.eg, tsuruga.fukui.jp, اتصالات, in-addr.arpa, hisayama.fukuoka.jp, ...]
12-04-2017 09:34:11 AM - tldextract - WARNING - unable to cache TLDs in file /usr/local/lib/python2.7/dist-packages/tldextract/.tld_set: [Errno 13] Permission denied: '/usr/local/lib/python2.7/dist-packages/tldextract/.tld_set'
12-04-2017 09:34:11 AM - requests.packages.urllib3.connectionpool - INFO - Starting new HTTP connection (1): www.zinfos974.com
12-04-2017 09:34:11 AM - requests.packages.urllib3.connectionpool - DEBUG - "GET / HTTP/1.1" 200 24377
12-04-2017 09:34:11 AM - root - DEBUG - elim category url http://adserver.adtech.de/adlink|3.0|1724.1|6108688|0|6887|ADTECH;loc=300;key=key1+key2+key3+key4;alias= for domain mismatch
12-04-2017 09:34:11 AM - root - DEBUG - elim category url https://www.facebook.com/zinfos974.reunion for domain mismatch
12-04-2017 09:34:11 AM - root - DEBUG - elim category url http://twitter.com/zinfoslive for domain mismatch
12-04-2017 09:34:11 AM - root - DEBUG - elim category url # path starts with #
12-04-2017 09:34:11 AM - root - DEBUG - elim category url /Economie_r78.html for >1 path chunks or size path chunks
12-04-2017 09:34:11 AM - root - DEBUG - elim category url /Social_r123.html for >1 path chunks or size path chunks
12-04-2017 09:34:11 AM - root - DEBUG - elim category url /Politique_r77.html for >1 path chunks or size path chunks
12-04-2017 09:34:11 AM - root - DEBUG - elim category url /Faits-divers_r79.html for >1 path chunks or size path chunks
12-04-2017 09:34:11 AM - root - DEBUG - elim category url /Justice_r89.html for >1 path chunks or size path chunks
12-04-2017 09:34:11 AM - root - DEBUG - elim category url /Societe_r80.html for >1 path chunks or size path chunks
12-04-2017 09:34:11 AM - root - DEBUG - elim category url /Culture_r118.html for >1 path chunks or size path chunks
12-04-2017 09:34:11 AM - root - DEBUG - elim category url /Sport-Reunion_r82.html for >1 path chunks or size path chunks
12-04-2017 09:34:11 AM - root - DEBUG - elim category url /Education_r198.html for >1 path chunks or size path chunks
12-04-2017 09:34:11 AM - root - DEBUG - elim category url /Communique_r47.html for >1 path chunks or size path chunks
12-04-2017 09:34:11 AM - root - DEBUG - elim category url /Sante_r155.html for >1 path chunks or size path chunks
12-04-2017 09:34:11 AM - root - DEBUG - elim category url # path starts with #
12-04-2017 09:34:11 AM - root - DEBUG - elim category url /National_r279.html for >1 path chunks or size path chunks
12-04-2017 09:34:11 AM - root - DEBUG - elim category url /International_r228.html for >1 path chunks or size path chunks
12-04-2017 09:34:11 AM - root - DEBUG - elim category url /Ocean-Indien_r234.html for >1 path chunks or size path chunks
12-04-2017 09:34:11 AM - root - DEBUG - elim category url /courrierdeslecteurs/ for >1 path chunks or size path chunks
12-04-2017 09:34:11 AM - root - DEBUG - elim category url /ZinfosBlog_r349.html for >1 path chunks or size path chunks
12-04-2017 09:34:11 AM - root - DEBUG - elim category url http://www.zinfos974.com#header_blog2Pierrot path starts with #
12-04-2017 09:34:11 AM - root - DEBUG - elim category url /Deux-ecoles-de-Saint-Louis-evacuees-apres-une-desinsectisation_a113080.html for >1 path chunks or size path chunks
12-04-2017 09:34:11 AM - root - DEBUG - elim category url /Une-maison-prend-feu-dans-le-quartier-de-Bois-d-olive_a113067.html for >1 path chunks or size path chunks
12-04-2017 09:34:11 AM - root - DEBUG - elim category url /Le-Port-Les-deux-voleurs-de-chantier-avaient-d-autres-intentions_a113064.html for >1 path chunks or size path chunks
12-04-2017 09:34:11 AM - root - DEBUG - elim category url /Guyane-Francois-Hollande-pret-a-recevoir-les-parlementaires-a-tout-moment_a113057.html for >1 path chunks or size path chunks
12-04-2017 09:34:11 AM - root - DEBUG - elim category url /Chasse-au-tangue-Un-braconnier-pris-la-main-dans-le-sac_a113046.html for >1 path chunks or size path chunks
12-04-2017 09:34:11 AM - root - DEBUG - elim category url /Presidentielle-315-demandeurs-d-emploi-mettent-sous-pli-des-millions-de-professions-de-foi_a113088.html for >1 path chunks or size path chunks
12-04-2017 09:34:11 AM - root - DEBUG - elim category url http://adserver.adtech.de/adlink|3.0|1724.1|6108661|0|225|ADTECH;loc=300;key=key1+key2+key3+key4;alias= for domain mismatch
12-04-2017 09:34:11 AM - root - DEBUG - elim category url /Le-CNARM-de-Saint-Pierre-emmenage-dans-de-nouveaux-locaux_a113097.html for >1 path chunks or size path chunks
12-04-2017 09:34:11 AM - root - DEBUG - elim category url /Le-CNARM-de-Saint-Pierre-emmenage-dans-de-nouveaux-locaux_a113097.html for >1 path chunks or size path chunks
12-04-2017 09:34:11 AM - root - DEBUG - elim category url /Le-CNARM-de-Saint-Pierre-emmenage-dans-de-nouveaux-locaux_a113097.html?com#comments for >1 path chunks or size path chunks
12-04-2017 09:34:11 AM - root - DEBUG - elim category url /Tribune-libre-de-Michel-Vergoz-Route-du-Littoral -Objection-a-Jean-Luc-Melenchon_a113094.html for >1 path chunks or size path chunks
12-04-2017 09:34:11 AM - root - DEBUG - elim category url /Tribune-libre-de-Michel-Vergoz-Route-du-Littoral -Objection-a-Jean-Luc-Melenchon_a113094.html for >1 path chunks or size path chunks
12-04-2017 09:34:11 AM - root - DEBUG - elim category url /Tribune-libre-de-Michel-Vergoz-Route-du-Littoral -Objection-a-Jean-Luc-Melenchon_a113094.html?com#comments for >1 path chunks or size path chunks
12-04-2017 09:34:11 AM - root - DEBUG - elim category url /Paranormal-974-Les-enquetes-inedites-de-Zinfos-974_a113065.html for >1 path chunks or size path chunks
12-04-2017 09:34:11 AM - root - DEBUG - elim category url /Paranormal-974-Les-enquetes-inedites-de-Zinfos-974_a113065.html for >1 path chunks or size path chunks
12-04-2017 09:34:11 AM - root - DEBUG - elim category url /Paranormal-974-Les-enquetes-inedites-de-Zinfos-974_a113065.html?com#comments for >1 path chunks or size path chunks
12-04-2017 09:34:11 AM - root - DEBUG - elim category url /Jean-Jacques-Morel-se-lance-dans-la-1ere-circonscription-pour-une-veritable-alternance_a113085.html for >1 path chunks or size path chunks
12-04-2017 09:34:11 AM - root - DEBUG - elim category url /Jean-Jacques-Morel-se-lance-dans-la-1ere-circonscription-pour-une-veritable-alternance_a113085.html for >1 path chunks or size path chunks
12-04-2017 09:34:11 AM - root - DEBUG - elim category url /Jean-Jacques-Morel-se-lance-dans-la-1ere-circonscription-pour-une-veritable-alternance_a113085.html?com#comments for >1 path chunks or size path chunks
12-04-2017 09:34:11 AM - root - DEBUG - elim category url /Aeroport-de-Pierrefonds-Bareigts-s-engage-aupres-de-Thien-Ah-Koon_a113086.html for >1 path chunks or size path chunks
12-04-2017 09:34:11 AM - root - DEBUG - elim category url /Aeroport-de-Pierrefonds-Bareigts-s-engage-aupres-de-Thien-Ah-Koon_a113086.html for >1 path chunks or size path chunks
12-04-2017 09:34:11 AM - root - DEBUG - elim category url /Aeroport-de-Pierrefonds-Bareigts-s-engage-aupres-de-Thien-Ah-Koon_a113086.html?com#comments for >1 path chunks or size path chunks
12-04-2017 09:34:11 AM - root - DEBUG - elim category url /La-France-Insoumise-7e-circonscription-Redonner-du-pouvoir-aux-citoyens_a113074.html for >1 path chunks or size path chunks
12-04-2017 09:34:11 AM - root - DEBUG - elim category url /La-France-Insoumise-7e-circonscription-Redonner-du-pouvoir-aux-citoyens_a113074.html for >1 path chunks or size path chunks
12-04-2017 09:34:11 AM - root - DEBUG - elim category url /La-France-Insoumise-7e-circonscription-Redonner-du-pouvoir-aux-citoyens_a113074.html?com#comments for >1 path chunks or size path chunks
12-04-2017 09:34:11 AM - root - DEBUG - elim category url /Semaine-sainte-et-Paques-Les-principales-celebrations_a113089.html for >1 path chunks or size path chunks
12-04-2017 09:34:11 AM - root - DEBUG - elim category url /Semaine-sainte-et-Paques-Les-principales-celebrations_a113089.html for >1 path chunks or size path chunks
12-04-2017 09:34:11 AM - root - DEBUG - elim category url /Semaine-sainte-et-Paques-Les-principales-celebrations_a113089.html?com#comments for >1 path chunks or size path chunks
12-04-2017 09:34:11 AM - root - DEBUG - elim category url /Nouvelle-organisation-departementale-Prefecture-sous-prefectures-ou-s-adresser_a113083.html for >1 path chunks or size path chunks
12-04-2017 09:34:11 AM - root - DEBUG - elim category url /Nouvelle-organisation-departementale-Prefecture-sous-prefectures-ou-s-adresser_a113083.html for >1 path chunks or size path chunks
12-04-2017 09:34:11 AM - root - DEBUG - elim category url /Nouvelle-organisation-departementale-Prefecture-sous-prefectures-ou-s-adresser_a113083.html?com#comments for >1 path chunks or size path chunks
12-04-2017 09:34:11 AM - root - DEBUG - elim category url /JEU-Une-incroyable-croisiere-aux-Seychelles-a-gagner_a111831.html for >1 path chunks or size path chunks
12-04-2017 09:34:11 AM - root - DEBUG - elim category url /JEU-Une-incroyable-croisiere-aux-Seychelles-a-gagner_a111831.html for >1 path chunks or size path chunks
12-04-2017 09:34:11 AM - root - DEBUG - elim category url /Meteo-De-la-pluie-sur-le-Nord-Ouest-du-soleil-partout-ailleurs_a113103.html for >1 path chunks or size path chunks
12-04-2017 09:34:11 AM - root - DEBUG - elim category url /Meteo-De-la-pluie-sur-le-Nord-Ouest-du-soleil-partout-ailleurs_a113103.html for >1 path chunks or size path chunks
12-04-2017 09:34:11 AM - root - DEBUG - elim category url /Meteo_r200.html for >1 path chunks or size path chunks
12-04-2017 09:34:11 AM - root - DEBUG - elim category url /Meteo-De-la-pluie-sur-le-Nord-Ouest-du-soleil-partout-ailleurs_a113103.html?com#comments for >1 path chunks or size path chunks
12-04-2017 09:34:11 AM - root - DEBUG - elim category url /L-auteur-des-coups-de-sabres-a-Salazie-mis-en-examen-pour-tentative-de-meurtre_a113102.html for >1 path chunks or size path chunks
12-04-2017 09:34:11 AM - root - DEBUG - elim category url /L-auteur-des-coups-de-sabres-a-Salazie-mis-en-examen-pour-tentative-de-meurtre_a113102.html for >1 path chunks or size path chunks
12-04-2017 09:34:11 AM - root - DEBUG - elim category url /Faits-divers_r79.html for >1 path chunks or size path chunks
12-04-2017 09:34:11 AM - root - DEBUG - elim category url /L-auteur-des-coups-de-sabres-a-Salazie-mis-en-examen-pour-tentative-de-meurtre_a113102.html?com#comments for >1 path chunks or size path chunks
12-04-2017 09:34:11 AM - root - DEBUG - elim category url /Quelle-pedagogie-adopter-Les-Rencontres-de-l-Education-se-tiennent-ce-jeudi-et-vendredi_a113087.html for >1 path chunks or size path chunks
12-04-2017 09:34:11 AM - root - DEBUG - elim category url /Quelle-pedagogie-adopter-Les-Rencontres-de-l-Education-se-tiennent-ce-jeudi-et-vendredi_a113087.html for >1 path chunks or size path chunks
12-04-2017 09:34:11 AM - root - DEBUG - elim category url /Education_r198.html for >1 path chunks or size path chunks
12-04-2017 09:34:11 AM - root - DEBUG - elim category url /Quelle-pedagogie-adopter-Les-Rencontres-de-l-Education-se-tiennent-ce-jeudi-et-vendredi_a113087.html?com#comments for >1 path chunks or size path chunks
12-04-2017 09:34:11 AM - root - DEBUG - elim category url /Un-sportif-comorien-reste-illegalement-apres-les-Jeux-des-iles-interpelle_a113101.html for >1 path chunks or size path chunks
12-04-2017 09:34:11 AM - root - DEBUG - elim category url /Un-sportif-comorien-reste-illegalement-apres-les-Jeux-des-iles-interpelle_a113101.html for >1 path chunks or size path chunks
12-04-2017 09:34:11 AM - root - DEBUG - elim category url /Faits-divers_r79.html for >1 path chunks or size path chunks
12-04-2017 09:34:11 AM - root - DEBUG - elim category url /Un-sportif-comorien-reste-illegalement-apres-les-Jeux-des-iles-interpelle_a113101.html?com#comments for >1 path chunks or size path chunks
12-04-2017 09:34:11 AM - root - DEBUG - elim category url /REVUE-DE-PRESSE-Mercredi-12-avril-2017_a113100.html for >1 path chunks or size path chunks
12-04-2017 09:34:11 AM - root - DEBUG - elim category url /REVUE-DE-PRESSE-Mercredi-12-avril-2017_a113100.html for >1 path chunks or size path chunks
12-04-2017 09:34:11 AM - root - DEBUG - elim category url /Revue-de-presse_r152.html for >1 path chunks or size path chunks
12-04-2017 09:34:11 AM - root - DEBUG - elim category url /REVUE-DE-PRESSE-Mercredi-12-avril-2017_a113100.html?com#comments for >1 path chunks or size path chunks
12-04-2017 09:34:11 AM - root - DEBUG - elim category url /Saint-Leu-Il-sera-possible-de-se-balader-dans-les-airs-a-la-Salette_a113075.html for >1 path chunks or size path chunks
12-04-2017 09:34:11 AM - root - DEBUG - elim category url /Saint-Leu-Il-sera-possible-de-se-balader-dans-les-airs-a-la-Salette_a113075.html for >1 path chunks or size path chunks
12-04-2017 09:34:11 AM - root - DEBUG - elim category url /Societe_r80.html for >1 path chunks or size path chunks
12-04-2017 09:34:11 AM - root - DEBUG - elim category url /Saint-Leu-Il-sera-possible-de-se-balader-dans-les-airs-a-la-Salette_a113075.html?com#comments for >1 path chunks or size path chunks
12-04-2017 09:34:11 AM - root - DEBUG - elim category url /Un-client-voit-sa-peine-confirmee-pour-le-viol-d-une-prostituee_a113084.html for >1 path chunks or size path chunks
12-04-2017 09:34:11 AM - root - DEBUG - elim category url /Un-client-voit-sa-peine-confirmee-pour-le-viol-d-une-prostituee_a113084.html for >1 path chunks or size path chunks
12-04-2017 09:34:11 AM - root - DEBUG - elim category url /Justice_r89.html for >1 path chunks or size path chunks
12-04-2017 09:34:11 AM - root - DEBUG - elim category url /Un-client-voit-sa-peine-confirmee-pour-le-viol-d-une-prostituee_a113084.html?com#comments for >1 path chunks or size path chunks
12-04-2017 09:34:11 AM - root - DEBUG - elim category url /Deux-ecoles-de-Saint-Louis-evacuees-apres-une-desinsectisation_a113080.html for >1 path chunks or size path chunks
12-04-2017 09:34:11 AM - root - DEBUG - elim category url /Deux-ecoles-de-Saint-Louis-evacuees-apres-une-desinsectisation_a113080.html for >1 path chunks or size path chunks
12-04-2017 09:34:11 AM - root - DEBUG - elim category url /Faits-divers_r79.html for >1 path chunks or size path chunks
12-04-2017 09:34:11 AM - root - DEBUG - elim category url /Deux-ecoles-de-Saint-Louis-evacuees-apres-une-desinsectisation_a113080.html?com#comments for >1 path chunks or size path chunks
12-04-2017 09:34:11 AM - root - DEBUG - elim category url /Meteo-Une-belle-journee-en-perspective_a113071.html for >1 path chunks or size path chunks
12-04-2017 09:34:11 AM - root - DEBUG - elim category url /Meteo-Une-belle-journee-en-perspective_a113071.html for >1 path chunks or size path chunks
12-04-2017 09:34:11 AM - root - DEBUG - elim category url /Meteo_r200.html for >1 path chunks or size path chunks
12-04-2017 09:34:11 AM - root - DEBUG - elim category url /Meteo-Une-belle-journee-en-perspective_a113071.html?com#comments for >1 path chunks or size path chunks
12-04-2017 09:34:11 AM - root - DEBUG - elim category url /Proces-Artaban-La-famille-de-Matheo-espere-des-dommages-et-interets_a113070.html for >1 path chunks or size path chunks
12-04-2017 09:34:11 AM - root - DEBUG - elim category url /Proces-Artaban-La-famille-de-Matheo-espere-des-dommages-et-interets_a113070.html for >1 path chunks or size path chunks
12-04-2017 09:34:11 AM - root - DEBUG - elim category url /Justice_r89.html for >1 path chunks or size path chunks
12-04-2017 09:34:11 AM - root - DEBUG - elim category url /Proces-Artaban-La-famille-de-Matheo-espere-des-dommages-et-interets_a113070.html?com#comments for >1 path chunks or size path chunks
12-04-2017 09:34:11 AM - root - DEBUG - elim category url /Tribune-libre-de-Guito-Narayanin-Je-laisse-la-justice-faire-son-travail_a113054.html for >1 path chunks or size path chunks
12-04-2017 09:34:11 AM - root - DEBUG - elim category url /Tribune-libre-de-Guito-Narayanin-Je-laisse-la-justice-faire-son-travail_a113054.html for >1 path chunks or size path chunks
12-04-2017 09:34:11 AM - root - DEBUG - elim category url /Justice_r89.html for >1 path chunks or size path chunks
12-04-2017 09:34:11 AM - root - DEBUG - elim category url /Tribune-libre-de-Guito-Narayanin-Je-laisse-la-justice-faire-son-travail_a113054.html?com#comments for >1 path chunks or size path chunks
12-04-2017 09:34:11 AM - root - DEBUG - elim category url /La-top-modele-reunionnaise-Pauline-Hoarau-metamorphosee-pour-Besson_a113069.html for >1 path chunks or size path chunks
12-04-2017 09:34:11 AM - root - DEBUG - elim category url /La-top-modele-reunionnaise-Pauline-Hoarau-metamorphosee-pour-Besson_a113069.html for >1 path chunks or size path chunks
12-04-2017 09:34:11 AM - root - DEBUG - elim category url /Culture_r118.html for >1 path chunks or size path chunks
12-04-2017 09:34:11 AM - root - DEBUG - elim category url /La-top-modele-reunionnaise-Pauline-Hoarau-metamorphosee-pour-Besson_a113069.html?com#comments for >1 path chunks or size path chunks
12-04-2017 09:34:11 AM - root - DEBUG - elim category url /REVUE-DE-PRESSE-Mardi-11-avril-2017_a113068.html for >1 path chunks or size path chunks
12-04-2017 09:34:11 AM - root - DEBUG - elim category url /REVUE-DE-PRESSE-Mardi-11-avril-2017_a113068.html for >1 path chunks or size path chunks
12-04-2017 09:34:11 AM - root - DEBUG - elim category url /Revue-de-presse_r152.html for >1 path chunks or size path chunks
12-04-2017 09:34:11 AM - root - DEBUG - elim category url /REVUE-DE-PRESSE-Mardi-11-avril-2017_a113068.html?com#comments for >1 path chunks or size path chunks
12-04-2017 09:34:11 AM - root - DEBUG - elim category url /Une-maison-prend-feu-dans-le-quartier-de-Bois-d-olive_a113067.html for >1 path chunks or size path chunks
12-04-2017 09:34:11 AM - root - DEBUG - elim category url /Une-maison-prend-feu-dans-le-quartier-de-Bois-d-olive_a113067.html for >1 path chunks or size path chunks
12-04-2017 09:34:11 AM - root - DEBUG - elim category url /Faits-divers_r79.html for >1 path chunks or size path chunks
12-04-2017 09:34:11 AM - root - DEBUG - elim category url /Une-maison-prend-feu-dans-le-quartier-de-Bois-d-olive_a113067.html?com#comments for >1 path chunks or size path chunks
12-04-2017 09:34:11 AM - root - DEBUG - elim category url /Retour-sur-la-soiree-percutante-1Controlable-a-Saint-Denis_a113063.html for >1 path chunks or size path chunks
12-04-2017 09:34:11 AM - root - DEBUG - elim category url /Retour-sur-la-soiree-percutante-1Controlable-a-Saint-Denis_a113063.html for >1 path chunks or size path chunks
12-04-2017 09:34:11 AM - root - DEBUG - elim category url /Sport-Reunion_r82.html for >1 path chunks or size path chunks
12-04-2017 09:34:11 AM - root - DEBUG - elim category url /Retour-sur-la-soiree-percutante-1Controlable-a-Saint-Denis_a113063.html?com#comments for >1 path chunks or size path chunks
12-04-2017 09:34:11 AM - root - DEBUG - elim category url /Le-Port-Les-deux-voleurs-de-chantier-avaient-d-autres-intentions_a113064.html for >1 path chunks or size path chunks
12-04-2017 09:34:11 AM - root - DEBUG - elim category url /Le-Port-Les-deux-voleurs-de-chantier-avaient-d-autres-intentions_a113064.html for >1 path chunks or size path chunks
12-04-2017 09:34:11 AM - root - DEBUG - elim category url /Faits-divers_r79.html for >1 path chunks or size path chunks
12-04-2017 09:34:11 AM - root - DEBUG - elim category url /Le-Port-Les-deux-voleurs-de-chantier-avaient-d-autres-intentions_a113064.html?com#comments for >1 path chunks or size path chunks
12-04-2017 09:34:11 AM - root - DEBUG - elim category url javascript:void(0) for bad scheme, not http nor https
12-04-2017 09:34:11 AM - root - DEBUG - elim category url javascript:void(0) for bad scheme, not http nor https
12-04-2017 09:34:11 AM - root - DEBUG - elim category url javascript:void(0) for bad scheme, not http nor https
12-04-2017 09:34:11 AM - root - DEBUG - elim category url javascript:void(0) for bad scheme, not http nor https
12-04-2017 09:34:11 AM - root - DEBUG - elim category url javascript:void(0) for bad scheme, not http nor https
12-04-2017 09:34:11 AM - root - DEBUG - elim category url javascript:void(0) for bad scheme, not http nor https
12-04-2017 09:34:11 AM - root - DEBUG - elim category url javascript:void(0) for bad scheme, not http nor https
12-04-2017 09:34:11 AM - root - DEBUG - elim category url /Guyane-Les-barrages-divisent-la-population_a113073.html for >1 path chunks or size path chunks
12-04-2017 09:34:11 AM - root - DEBUG - elim category url /Guyane-Les-barrages-divisent-la-population_a113073.html for >1 path chunks or size path chunks
12-04-2017 09:34:11 AM - root - DEBUG - elim category url /National_r279.html for >1 path chunks or size path chunks
12-04-2017 09:34:11 AM - root - DEBUG - elim category url /VIDEO-Paris-Elle-frole-la-mort-dans-un-manege_a113066.html for >1 path chunks or size path chunks
12-04-2017 09:34:11 AM - root - DEBUG - elim category url /VIDEO-Paris-Elle-frole-la-mort-dans-un-manege_a113066.html for >1 path chunks or size path chunks
12-04-2017 09:34:11 AM - root - DEBUG - elim category url /National_r279.html for >1 path chunks or size path chunks
12-04-2017 09:34:11 AM - root - DEBUG - elim category url /Guyane-Francois-Hollande-pret-a-recevoir-les-parlementaires-a-tout-moment_a113057.html for >1 path chunks or size path chunks
12-04-2017 09:34:11 AM - root - DEBUG - elim category url /Guyane-Francois-Hollande-pret-a-recevoir-les-parlementaires-a-tout-moment_a113057.html for >1 path chunks or size path chunks
12-04-2017 09:34:11 AM - root - DEBUG - elim category url /National_r279.html for >1 path chunks or size path chunks
12-04-2017 09:34:11 AM - root - DEBUG - elim category url /Actualise-Egypte-L-Etat-islamique-revendique-le-double-attentat_a113021.html for >1 path chunks or size path chunks
12-04-2017 09:34:11 AM - root - DEBUG - elim category url /Actualise-Egypte-L-Etat-islamique-revendique-le-double-attentat_a113021.html for >1 path chunks or size path chunks
12-04-2017 09:34:11 AM - root - DEBUG - elim category url /International_r228.html for >1 path chunks or size path chunks
12-04-2017 09:34:11 AM - root - DEBUG - elim category url javascript:void(0) for bad scheme, not http nor https
12-04-2017 09:34:11 AM - root - DEBUG - elim category url javascript:void(0) for bad scheme, not http nor https
12-04-2017 09:34:11 AM - root - DEBUG - elim category url javascript:void(0) for bad scheme, not http nor https
12-04-2017 09:34:11 AM - root - DEBUG - elim category url javascript:void(0) for bad scheme, not http nor https
12-04-2017 09:34:11 AM - root - DEBUG - elim category url javascript:void(0) for bad scheme, not http nor https
12-04-2017 09:34:11 AM - root - DEBUG - elim category url javascript:void(0) for bad scheme, not http nor https
12-04-2017 09:34:11 AM - root - DEBUG - elim category url javascript:void(0) for bad scheme, not http nor https
12-04-2017 09:34:11 AM - root - DEBUG - elim category url /PRR-Pose-de-la-1ere-pierre-de-l-ecole-de-Grand-Ilet-a-Salazie_a113044.html for >1 path chunks or size path chunks
12-04-2017 09:34:11 AM - root - DEBUG - elim category url /La-revitalisation-de-Cilaos_a113056.html for >1 path chunks or size path chunks
12-04-2017 09:34:11 AM - root - DEBUG - elim category url /Bal-Tamoul-a-Lespas-ce-vendredi-14-avril_a113105.html for >1 path chunks or size path chunks
12-04-2017 09:34:11 AM - root - DEBUG - elim category url /74-recompenses-pour-la-soiree-des-Trophees-de-Saint-Paul_a113093.html for >1 path chunks or size path chunks
12-04-2017 09:34:11 AM - root - DEBUG - elim category url /Jean-Jacques-Morel-se-lance-dans-la-1ere-circonscription-pour-une-veritable-alternance_a113085.html for >1 path chunks or size path chunks
12-04-2017 09:34:11 AM - root - DEBUG - elim category url /Jean-Jacques-Morel-se-lance-dans-la-1ere-circonscription-pour-une-veritable-alternance_a113085.html for >1 path chunks or size path chunks
12-04-2017 09:34:11 AM - root - DEBUG - elim category url /La-France-Insoumise-7e-circonscription-Redonner-du-pouvoir-aux-citoyens_a113074.html for >1 path chunks or size path chunks
12-04-2017 09:34:11 AM - root - DEBUG - elim category url /La-France-Insoumise-7e-circonscription-Redonner-du-pouvoir-aux-citoyens_a113074.html for >1 path chunks or size path chunks
12-04-2017 09:34:11 AM - root - DEBUG - elim category url /Bois-de-Nefles-St-Paul-Une-femme-meurt-poignardee-par-son-ex-compagnon_a112976.html for >1 path chunks or size path chunks
12-04-2017 09:34:11 AM - root - DEBUG - elim category url /Bois-de-Nefles-St-Paul-Une-femme-meurt-poignardee-par-son-ex-compagnon_a112976.html for >1 path chunks or size path chunks
12-04-2017 09:34:11 AM - root - DEBUG - elim category url /St-Pierre-Tournois-de-poker-ecole-de-croupiers-et-galerie-d-art-a-la-place-du-cafe-de-la-Gare_a112947.html for >1 path chunks or size path chunks
12-04-2017 09:34:11 AM - root - DEBUG - elim category url /St-Pierre-Tournois-de-poker-ecole-de-croupiers-et-galerie-d-art-a-la-place-du-cafe-de-la-Gare_a112947.html for >1 path chunks or size path chunks
12-04-2017 09:34:11 AM - root - DEBUG - elim category url /Francois-Fillon-enfarine_a112935.html for >1 path chunks or size path chunks
12-04-2017 09:34:11 AM - root - DEBUG - elim category url /Francois-Fillon-enfarine_a112935.html for >1 path chunks or size path chunks
12-04-2017 09:34:11 AM - root - DEBUG - elim category url /VIDEO-A-La-Reunion-l-animateur-Cauet-s-essaie-au-Maloya_a112826.html for >1 path chunks or size path chunks
12-04-2017 09:34:11 AM - root - DEBUG - elim category url /VIDEO-A-La-Reunion-l-animateur-Cauet-s-essaie-au-Maloya_a112826.html for >1 path chunks or size path chunks
12-04-2017 09:34:11 AM - root - DEBUG - elim category url javascript:void(0) for bad scheme, not http nor https
12-04-2017 09:34:11 AM - root - DEBUG - elim category url javascript:void(0) for bad scheme, not http nor https
12-04-2017 09:34:11 AM - root - DEBUG - elim category url javascript:void(0) for bad scheme, not http nor https
12-04-2017 09:34:11 AM - root - DEBUG - elim category url javascript:void(0) for bad scheme, not http nor https
12-04-2017 09:34:11 AM - root - DEBUG - elim category url javascript:void(0) for bad scheme, not http nor https
12-04-2017 09:34:11 AM - root - DEBUG - elim category url javascript:void(0) for bad scheme, not http nor https
12-04-2017 09:34:11 AM - root - DEBUG - elim category url javascript:void(0) for bad scheme, not http nor https
12-04-2017 09:34:11 AM - root - DEBUG - elim category url /La-tete-de-Macron-quand-il-decouvre-l-article-sur-Thierry-Robert_a112532.html for >1 path chunks or size path chunks
12-04-2017 09:34:11 AM - root - DEBUG - elim category url /La-tete-de-Macron-quand-il-decouvre-l-article-sur-Thierry-Robert_a112532.html for >1 path chunks or size path chunks
12-04-2017 09:34:11 AM - root - DEBUG - elim category url /Macron-ne-connait-pas-le-prix-d-un-billet-d-avion_a112531.html for >1 path chunks or size path chunks
12-04-2017 09:34:11 AM - root - DEBUG - elim category url /Macron-ne-connait-pas-le-prix-d-un-billet-d-avion_a112531.html for >1 path chunks or size path chunks
12-04-2017 09:34:11 AM - root - DEBUG - elim category url /Corruption-Thierry-Robert-accuse-d-avoir-touche-un-pot-de-vin-de-20-000-pour-le-marche-de-l-eau_a112495.html for >1 path chunks or size path chunks
12-04-2017 09:34:11 AM - root - DEBUG - elim category url /Corruption-Thierry-Robert-accuse-d-avoir-touche-un-pot-de-vin-de-20-000-pour-le-marche-de-l-eau_a112495.html for >1 path chunks or size path chunks
12-04-2017 09:34:11 AM - root - DEBUG - elim category url /Trahison-Quand-Miss-Reunion-devient-ambassadrice-de-l-ile-Maurice_a112426.html for >1 path chunks or size path chunks
12-04-2017 09:34:11 AM - root - DEBUG - elim category url /Trahison-Quand-Miss-Reunion-devient-ambassadrice-de-l-ile-Maurice_a112426.html for >1 path chunks or size path chunks
12-04-2017 09:34:11 AM - root - DEBUG - elim category url /Blog-de-Pierrot-TF1-Un-debat-pour-rien_a112319.html for >1 path chunks or size path chunks
12-04-2017 09:34:11 AM - root - DEBUG - elim category url /Blog-de-Pierrot-TF1-Un-debat-pour-rien_a112319.html for >1 path chunks or size path chunks
12-04-2017 09:34:11 AM - root - DEBUG - elim category url /Parliament-TV-Show-Saison-1-episode-3_a113099.html for >1 path chunks or size path chunks
12-04-2017 09:34:11 AM - root - DEBUG - elim category url /Parliament-TV-Show-Saison-1-episode-3_a113099.html for >1 path chunks or size path chunks
12-04-2017 09:34:11 AM - root - DEBUG - elim category url /Parliament-TV-Show-Saison-1-episode-3_a113099.html for >1 path chunks or size path chunks
12-04-2017 09:34:11 AM - root - DEBUG - elim category url /JAZZ-au-Barachois-Christian-DUCAP_a113095.html for >1 path chunks or size path chunks
12-04-2017 09:34:11 AM - root - DEBUG - elim category url /JAZZ-au-Barachois-Christian-DUCAP_a113095.html for >1 path chunks or size path chunks
12-04-2017 09:34:11 AM - root - DEBUG - elim category url /La-Kaz-Zartis-de-Karen-Le-groupe-Votia-en-l-honneur-de-Gramoun-Lele_a113096.html for >1 path chunks or size path chunks
12-04-2017 09:34:11 AM - root - DEBUG - elim category url /La-Kaz-Zartis-de-Karen-Le-groupe-Votia-en-l-honneur-de-Gramoun-Lele_a113096.html for >1 path chunks or size path chunks
12-04-2017 09:34:11 AM - root - DEBUG - elim category url /Recap-La-totale_a112988.html for >1 path chunks or size path chunks
12-04-2017 09:34:11 AM - root - DEBUG - elim category url /Recap-La-totale_a112988.html for >1 path chunks or size path chunks
12-04-2017 09:34:11 AM - root - DEBUG - elim category url /Portrait-de-l-homme-aux-mille-visages_a112943.html for >1 path chunks or size path chunks
12-04-2017 09:34:11 AM - root - DEBUG - elim category url /Portrait-de-l-homme-aux-mille-visages_a112943.html for >1 path chunks or size path chunks
12-04-2017 09:34:11 AM - root - DEBUG - elim category url /Episode-3-LaDalle_a112918.html for >1 path chunks or size path chunks
12-04-2017 09:34:11 AM - root - DEBUG - elim category url /Episode-3-LaDalle_a112918.html for >1 path chunks or size path chunks
12-04-2017 09:34:11 AM - root - DEBUG - elim category url /Le-partenariat-Air-Austral-Air-Mad-sera-t-il-couronne-de-succes_a112897.html for >1 path chunks or size path chunks
12-04-2017 09:34:11 AM - root - DEBUG - elim category url /Le-partenariat-Air-Austral-Air-Mad-sera-t-il-couronne-de-succes_a112897.html for >1 path chunks or size path chunks
12-04-2017 09:34:11 AM - root - DEBUG - elim category url /LA-KAZ-ZARTIS-DE-KAREN-Sega-El-Apolonia-Pael-Jacky-Revel_a112821.html for >1 path chunks or size path chunks
12-04-2017 09:34:11 AM - root - DEBUG - elim category url /LA-KAZ-ZARTIS-DE-KAREN-Sega-El-Apolonia-Pael-Jacky-Revel_a112821.html for >1 path chunks or size path chunks
12-04-2017 09:34:11 AM - root - DEBUG - elim category url /Le-show-a-la-mauricienne-au-Tampon_a112844.html for >1 path chunks or size path chunks
12-04-2017 09:34:11 AM - root - DEBUG - elim category url /Le-show-a-la-mauricienne-au-Tampon_a112844.html for >1 path chunks or size path chunks
12-04-2017 09:34:11 AM - root - DEBUG - elim category url /Non-a-l-antenne-relais-de-Bois-d-Olives-_a113061.html for >1 path chunks or size path chunks
12-04-2017 09:34:11 AM - root - DEBUG - elim category url /La-rafle-du-Vel-d-Hiv-selon-Marine_a113055.html for >1 path chunks or size path chunks
12-04-2017 09:34:11 AM - root - DEBUG - elim category url /Presidentielles -Le-match-est-truque_a113053.html for >1 path chunks or size path chunks
12-04-2017 09:34:11 AM - root - DEBUG - elim category url /La-FMF-dit-non-a-la-diffusion-des-donnees-de-sante-a-tous-vents_a113052.html for >1 path chunks or size path chunks
12-04-2017 09:34:11 AM - root - DEBUG - elim category url /UNSA-Lettre-ouverte-à-Monsieur-le-President-de-la-Republique-en-faveur-de-recrutements-locaux-à-la-Reunion_a113042.html for >1 path chunks or size path chunks
12-04-2017 09:34:11 AM - root - DEBUG - elim category url /Tribune-Quel-statut-pour-la-cite-sanctuaire-de-Jerusalem _a113032.html for >1 path chunks or size path chunks
12-04-2017 09:34:11 AM - root - DEBUG - elim category url /Desinvolture_a113031.html for >1 path chunks or size path chunks
12-04-2017 09:34:11 AM - root - DEBUG - elim category url /Chasse-aux-tresors_a113030.html for >1 path chunks or size path chunks
12-04-2017 09:34:11 AM - root - DEBUG - elim category url /Les-elus-de-Saint-Andre-face-a-leurs-responsabilites_a113029.html for >1 path chunks or size path chunks
12-04-2017 09:34:11 AM - root - DEBUG - elim category url http://adserver.adtech.de/adlink|3.0|1724.1|6108814|0|170|ADTECH;loc=300;key=key1+key2+key3+key4;alias= for domain mismatch
12-04-2017 09:34:11 AM - root - DEBUG - elim category url /Les-webcams-en-direct_a111626.html for >1 path chunks or size path chunks
12-04-2017 09:34:11 AM - root - DEBUG - elim category url http://www.zinfos974.com#link_Blog2Pierrot path starts with #
12-04-2017 09:34:11 AM - root - DEBUG - elim category url /Les-dossiers-de-la-Redaction_r321.html for >1 path chunks or size path chunks
12-04-2017 09:34:11 AM - root - DEBUG - elim category url https://fr.surveymonkey.com/mp/customer-satisfaction-surveys/ for domain mismatch
12-04-2017 09:34:11 AM - root - DEBUG - elim category url https://fr.surveymonkey.net/results/SM-X877NTDB/ for domain mismatch
12-04-2017 09:34:11 AM - root - DEBUG - elim category url /ads/122123/ for >1 path chunks or size path chunks
12-04-2017 09:34:11 AM - root - DEBUG - elim category url /Paranormal-974-Les-enquetes-inedites-de-Zinfos-974_a113065.html for >1 path chunks or size path chunks
12-04-2017 09:34:11 AM - root - DEBUG - elim category url /Keen-V-et-Ridsa-declarent-leur-flamme-a-La-Reunion_a112890.html for >1 path chunks or size path chunks
12-04-2017 09:34:11 AM - root - DEBUG - elim category url /Bois-de-Nefles-St-Paul-Une-femme-meurt-poignardee-par-son-ex-compagnon_a112976.html for >1 path chunks or size path chunks
12-04-2017 09:34:11 AM - root - DEBUG - elim category url /Pluie-de-grele-aux-Makes_a112922.html for >1 path chunks or size path chunks
12-04-2017 09:34:11 AM - root - DEBUG - elim category url /Deux-associations-se-disputent-le-temple-malbar-de-Saint-Louis_a113039.html for >1 path chunks or size path chunks
12-04-2017 09:34:11 AM - root - DEBUG - elim category url /Un-detenu-metropolitain-s-evade-pour-rejoindre-ses-enfants-installes-a-La-Reunion_a112985.html for >1 path chunks or size path chunks
12-04-2017 09:34:11 AM - root - DEBUG - elim category url https://twitter.com/ZinfosRedaction/lists/zinfos974 for domain mismatch
12-04-2017 09:34:11 AM - root - DEBUG - elim category url https://twitter.com/zinfoslive/lists/r-daction for domain mismatch
12-04-2017 09:34:11 AM - root - DEBUG - elim category url https://www.facebook.com/zinfos974.reunion/ for domain mismatch
12-04-2017 09:34:11 AM - root - DEBUG - elim category url http://adserver.adtech.de/adlink|3.0|1724.1|6108695|0|170|ADTECH;loc=300;key=key1+key2+key3+key4;alias= for domain mismatch
12-04-2017 09:34:11 AM - root - DEBUG - elim category url http://www.7magazine.re for domain mismatch
12-04-2017 09:34:11 AM - root - DEBUG - elim category url /Actu-Ile-de-La-Reunion_r76.html for >1 path chunks or size path chunks
12-04-2017 09:34:11 AM - root - DEBUG - elim category url /Ocean-Indien_r234.html for >1 path chunks or size path chunks
12-04-2017 09:34:11 AM - root - DEBUG - elim category url /National_r279.html for >1 path chunks or size path chunks
12-04-2017 09:34:11 AM - root - DEBUG - elim category url /International_r228.html for >1 path chunks or size path chunks
12-04-2017 09:34:11 AM - root - DEBUG - elim category url /courrierdeslecteurs/ for >1 path chunks or size path chunks
12-04-2017 09:34:11 AM - root - DEBUG - elim category url /Les-dossiers-de-la-Redaction_r321.html for >1 path chunks or size path chunks
12-04-2017 09:34:11 AM - root - DEBUG - elim category url /members/pass/ for >1 path chunks or size path chunks
12-04-2017 09:34:11 AM - root - DEBUG - elim category url http://adserver.adtech.de/adlink|3.0|1724.1|6108767|0|16|ADTECH;loc=300;key=key1+key2+key3+key4;alias= for domain mismatch
12-04-2017 09:34:11 AM - root - DEBUG - elim category url http://adserver.adtech.de/adlink|3.0|1724.1|6108645|0|1821|ADTECH;loc=300;key=key1+key2+key3+key4;alias= for domain mismatch
12-04-2017 09:34:11 AM - root - DEBUG - elim category url /subscription/ for subdomain contain stopword!
12-04-2017 09:34:11 AM - requests.packages.urllib3.connectionpool - INFO - Starting new HTTP connection (1): www.zinfos974.com
12-04-2017 09:34:11 AM - requests.packages.urllib3.connectionpool - INFO - Starting new HTTP connection (1): www.zinfos974.com
12-04-2017 09:34:11 AM - requests.packages.urllib3.connectionpool - INFO - Starting new HTTP connection (1): www.zinfos974.com
12-04-2017 09:34:12 AM - requests.packages.urllib3.connectionpool - DEBUG - "GET / HTTP/1.1" 200 24405
12-04-2017 09:34:12 AM - requests.packages.urllib3.connectionpool - DEBUG - "GET /blogdepierrot HTTP/1.1" 200 10372
12-04-2017 09:34:12 AM - requests.packages.urllib3.connectionpool - DEBUG - "GET / HTTP/1.1" 200 24405
12-04-2017 09:34:12 AM - newspaper.source - DEBUG - We are extracting from 3 categories
12-04-2017 09:34:12 AM - requests.packages.urllib3.connectionpool - INFO - Starting new HTTP connection (1): www.zinfos974.com
12-04-2017 09:34:12 AM - requests.packages.urllib3.connectionpool - DEBUG - "GET /xml/syndication.rss HTTP/1.1" 200 18601
12-04-2017 09:34:13 AM - newspaper.source - DEBUG - 267->144->85 for http://www.zinfos974.com/
12-04-2017 09:34:13 AM - root - DEBUG - 267->144->85 for http://www.zinfos974.com/
12-04-2017 09:34:13 AM - newspaper.source - DEBUG - 267->144->0 for http://www.zinfos974.com
12-04-2017 09:34:13 AM - root - DEBUG - 267->144->0 for http://www.zinfos974.com
12-04-2017 09:34:13 AM - newspaper.source - DEBUG - 81->32->5 for http://www.zinfos974.com/blogdepierrot
12-04-2017 09:34:13 AM - root - DEBUG - 81->32->5 for http://www.zinfos974.com/blogdepierrot
12-04-2017 09:34:13 AM - newspaper.source - DEBUG - 43->19->3 for http://www.zinfos974.com/xml/syndication.rss
12-04-2017 09:34:13 AM - root - DEBUG - 43->19->3 for http://www.zinfos974.com/xml/syndication.rss
12-04-2017 09:34:13 AM - root - INFO - ...build done!
12-04-2017 09:34:13 AM - root - INFO - collecting article
12-04-2017 09:34:13 AM - root - INFO - HTTP response None
12-04-2017 09:34:13 AM - root - INFO - Request OK!
12-04-2017 09:34:13 AM - requests.packages.urllib3.connectionpool - INFO - Starting new HTTP connection (1): www.zinfos974.com
12-04-2017 09:34:14 AM - requests.packages.urllib3.connectionpool - DEBUG - "GET /Les-elus-de-Saint-Andre-face-a-leurs-responsabilites_a113029.html HTTP/1.1" 200 11775
12-04-2017 09:34:14 AM - root - INFO - Extraction OK!
12-04-2017 09:34:14 AM - root - WARNING - Download error!!
12-04-2017 09:34:14 AM - root - ERROR - Could not download http://www.zinfos974.com/Les-elus-de-Saint-Andre-face-a-leurs-responsabilites_a113029.html
12-04-2017 09:34:15 AM - root - INFO - HTTP response None
12-04-2017 09:34:15 AM - root - INFO - Request OK!
12-04-2017 09:34:15 AM - requests.packages.urllib3.connectionpool - INFO - Starting new HTTP connection (1): www.zinfos974.com
12-04-2017 09:34:15 AM - requests.packages.urllib3.connectionpool - DEBUG - "GET /L-auteur-des-coups-de-sabres-a-Salazie-mis-en-examen-pour-tentative-de-meurtre_a113102.html HTTP/1.1" 200 11428
12-04-2017 09:34:15 AM - root - INFO - Extraction OK!
12-04-2017 09:34:16 AM - root - INFO - Datas successfully saved! NEXT?
12-04-2017 09:34:17 AM - root - INFO - HTTP response None
12-04-2017 09:34:17 AM - root - INFO - Request OK!
12-04-2017 09:34:17 AM - requests.packages.urllib3.connectionpool - INFO - Starting new HTTP connection (1): www.zinfos974.com
12-04-2017 09:34:17 AM - requests.packages.urllib3.connectionpool - DEBUG - "GET /La-Kaz-Zartis-de-Karen-Le-groupe-Votia-en-l-honneur-de-Gramoun-Lele_a113096.html HTTP/1.1" 200 11124
12-04-2017 09:34:18 AM - root - INFO - Extraction OK!
12-04-2017 09:34:18 AM - root - INFO - Datas successfully saved! NEXT?
12-04-2017 09:34:18 AM - root - INFO - HTTP response 400
12-04-2017 09:34:20 AM - root - INFO - HTTP response None
12-04-2017 09:34:20 AM - root - INFO - Request OK!
12-04-2017 09:34:20 AM - requests.packages.urllib3.connectionpool - INFO - Starting new HTTP connection (1): www.zinfos974.com
12-04-2017 09:34:21 AM - requests.packages.urllib3.connectionpool - DEBUG - "GET /Parliament-TV-Show-Saison-1-episode-3_a113099.html HTTP/1.1" 200 13255
12-04-2017 09:34:21 AM - root - INFO - Extraction OK!
12-04-2017 09:34:21 AM - root - INFO - Datas successfully saved! NEXT?
12-04-2017 09:34:22 AM - root - INFO - HTTP response 400
12-04-2017 09:34:22 AM - root - INFO - HTTP response None
12-04-2017 09:34:22 AM - root - INFO - Request OK!
12-04-2017 09:34:22 AM - requests.packages.urllib3.connectionpool - INFO - Starting new HTTP connection (1): www.zinfos974.com
12-04-2017 09:34:23 AM - requests.packages.urllib3.connectionpool - DEBUG - "GET /Quelle-pedagogie-adopter-Les-Rencontres-de-l-Education-se-tiennent-ce-jeudi-et-vendredi_a113087.html HTTP/1.1" 200 12688
12-04-2017 09:34:23 AM - root - INFO - Extraction OK!
12-04-2017 09:34:23 AM - root - INFO - Datas successfully saved! NEXT?
12-04-2017 09:34:24 AM - root - INFO - HTTP response None
12-04-2017 09:34:24 AM - root - INFO - Request OK!
12-04-2017 09:34:24 AM - requests.packages.urllib3.connectionpool - INFO - Starting new HTTP connection (1): www.zinfos974.com
12-04-2017 09:34:24 AM - requests.packages.urllib3.connectionpool - DEBUG - "GET /La-delegation-sri-lankaise-en-visite-au-CENTHOR_a113092.html HTTP/1.1" 200 8653
12-04-2017 09:34:24 AM - root - INFO - Extraction OK!
12-04-2017 09:34:24 AM - root - INFO - Datas successfully saved! NEXT?
12-04-2017 09:34:26 AM - root - INFO - HTTP response None
12-04-2017 09:34:26 AM - root - INFO - Request OK!
12-04-2017 09:34:26 AM - requests.packages.urllib3.connectionpool - INFO - Starting new HTTP connection (1): www.zinfos974.com
12-04-2017 09:34:27 AM - requests.packages.urllib3.connectionpool - DEBUG - "GET /La-rafle-du-Vel-d-Hiv-selon-Marine_a113055.html HTTP/1.1" 200 25456
12-04-2017 09:34:28 AM - root - INFO - Extraction OK!
12-04-2017 09:34:28 AM - root - WARNING - Download error!!
12-04-2017 09:34:28 AM - root - ERROR - Could not download http://www.zinfos974.com/La-rafle-du-Vel-d-Hiv-selon-Marine_a113055.html
12-04-2017 09:34:28 AM - root - INFO - HTTP response None
12-04-2017 09:34:28 AM - root - INFO - Request OK!
12-04-2017 09:34:28 AM - requests.packages.urllib3.connectionpool - INFO - Starting new HTTP connection (1): www.zinfos974.com
12-04-2017 09:34:28 AM - requests.packages.urllib3.connectionpool - DEBUG - "GET /Inauguration-du-CNARM-de-Saint-Pierre-11-avril-2017_a113104.html HTTP/1.1" 200 7241
12-04-2017 09:34:29 AM - root - INFO - Extraction OK!
12-04-2017 09:34:29 AM - root - INFO - Datas successfully saved! NEXT?
12-04-2017 09:34:30 AM - root - INFO - HTTP response None
12-04-2017 09:34:30 AM - root - INFO - Request OK!
12-04-2017 09:34:30 AM - requests.packages.urllib3.connectionpool - INFO - Starting new HTTP connection (1): www.zinfos974.com
12-04-2017 09:34:30 AM - requests.packages.urllib3.connectionpool - DEBUG - "GET /74-recompenses-pour-la-soiree-des-Trophees-de-Saint-Paul_a113093.html HTTP/1.1" 200 8851
12-04-2017 09:34:30 AM - root - INFO - Extraction OK!
12-04-2017 09:34:30 AM - root - INFO - Datas successfully saved! NEXT?
12-04-2017 09:34:32 AM - root - INFO - HTTP response None
12-04-2017 09:34:32 AM - root - INFO - Request OK!
12-04-2017 09:34:32 AM - requests.packages.urllib3.connectionpool - INFO - Starting new HTTP connection (1): www.zinfos974.com
12-04-2017 09:34:32 AM - requests.packages.urllib3.connectionpool - DEBUG - "GET /Deux-ecoles-de-Saint-Louis-evacuees-apres-une-desinsectisation_a113080.html?com HTTP/1.1" 200 12065
12-04-2017 09:34:32 AM - root - INFO - Extraction OK!
12-04-2017 09:34:32 AM - root - INFO - Datas successfully saved! NEXT?
12-04-2017 09:34:34 AM - root - INFO - HTTP response None
12-04-2017 09:34:34 AM - root - INFO - Request OK!
12-04-2017 09:34:34 AM - requests.packages.urllib3.connectionpool - INFO - Starting new HTTP connection (1): www.zinfos974.com
12-04-2017 09:34:35 AM - requests.packages.urllib3.connectionpool - DEBUG - "GET /La-top-modele-reunionnaise-Pauline-Hoarau-metamorphosee-pour-Besson_a113069.html HTTP/1.1" 200 12668
12-04-2017 09:34:35 AM - root - INFO - Extraction OK!
12-04-2017 09:34:37 AM - root - INFO - HTTP response None
12-04-2017 09:34:37 AM - root - INFO - Request OK!
12-04-2017 09:34:37 AM - requests.packages.urllib3.connectionpool - INFO - Starting new HTTP connection (1): www.zinfos974.com
12-04-2017 09:34:38 AM - requests.packages.urllib3.connectionpool - DEBUG - "GET /L-auteur-des-coups-de-sabres-a-Salazie-mis-en-examen-pour-tentative-de-meurtre_a113102.html?com HTTP/1.1" 200 11414
12-04-2017 09:34:38 AM - root - INFO - Extraction OK!
12-04-2017 09:34:40 AM - root - INFO - HTTP response None
12-04-2017 09:34:40 AM - root - INFO - Request OK!
12-04-2017 09:34:40 AM - requests.packages.urllib3.connectionpool - INFO - Starting new HTTP connection (1): www.zinfos974.com
12-04-2017 09:34:40 AM - requests.packages.urllib3.connectionpool - DEBUG - "GET /Un-sportif-comorien-reste-illegalement-apres-les-Jeux-des-iles-interpelle_a113101.html?com HTTP/1.1" 200 11398
12-04-2017 09:34:40 AM - root - INFO - Extraction OK!
12-04-2017 09:34:40 AM - root - INFO - Datas successfully saved! NEXT?
12-04-2017 09:34:41 AM - root - INFO - HTTP response None
12-04-2017 09:34:41 AM - root - INFO - Request OK!
12-04-2017 09:34:41 AM - requests.packages.urllib3.connectionpool - INFO - Starting new HTTP connection (1): www.zinfos974.com
12-04-2017 09:34:41 AM - requests.packages.urllib3.connectionpool - DEBUG - "GET /Nouvelle-organisation-departementale-Prefecture-sous-prefectures-ou-s-adresser_a113083.html HTTP/1.1" 200 12944
12-04-2017 09:34:42 AM - root - INFO - Extraction OK!
12-04-2017 09:34:42 AM - root - WARNING - Download error!!
12-04-2017 09:34:42 AM - root - ERROR - Could not download http://www.zinfos974.com/Nouvelle-organisation-departementale-Prefecture-sous-prefectures-ou-s-adresser_a113083.html
12-04-2017 09:34:43 AM - root - INFO - HTTP response None
12-04-2017 09:34:43 AM - root - INFO - Request OK!
12-04-2017 09:34:43 AM - requests.packages.urllib3.connectionpool - INFO - Starting new HTTP connection (1): www.zinfos974.com
12-04-2017 09:34:44 AM - requests.packages.urllib3.connectionpool - DEBUG - "GET /Un-client-voit-sa-peine-confirmee-pour-le-viol-d-une-prostituee_a113084.html?com HTTP/1.1" 200 11887
12-04-2017 09:34:44 AM - root - INFO - Extraction OK!
12-04-2017 09:34:44 AM - root - INFO - Datas successfully saved! NEXT?
12-04-2017 09:34:44 AM - root - INFO - HTTP response None
12-04-2017 09:34:44 AM - root - INFO - Request OK!
12-04-2017 09:34:44 AM - requests.packages.urllib3.connectionpool - INFO - Starting new HTTP connection (1): www.zinfos974.com
12-04-2017 09:34:45 AM - requests.packages.urllib3.connectionpool - DEBUG - "GET /Aeroport-de-Pierrefonds-Bareigts-s-engage-aupres-de-Thien-Ah-Koon_a113086.html HTTP/1.1" 200 12611
12-04-2017 09:34:45 AM - root - INFO - Extraction OK!
12-04-2017 09:34:45 AM - root - WARNING - Download error!!
12-04-2017 09:34:45 AM - root - ERROR - Could not download http://www.zinfos974.com/Aeroport-de-Pierrefonds-Bareigts-s-engage-aupres-de-Thien-Ah-Koon_a113086.html
12-04-2017 09:34:46 AM - root - INFO - HTTP response None
12-04-2017 09:34:46 AM - root - INFO - Request OK!
12-04-2017 09:34:46 AM - requests.packages.urllib3.connectionpool - INFO - Starting new HTTP connection (1): www.zinfos974.com
12-04-2017 09:34:48 AM - requests.packages.urllib3.connectionpool - DEBUG - "GET /Nouvelle-organisation-departementale-Prefecture-sous-prefectures-ou-s-adresser_a113083.html?com HTTP/1.1" 200 12920
12-04-2017 09:34:48 AM - root - INFO - Extraction OK!
12-04-2017 09:34:48 AM - root - WARNING - Download error!!
12-04-2017 09:34:48 AM - root - ERROR - Could not download http://www.zinfos974.com/Nouvelle-organisation-departementale-Prefecture-sous-prefectures-ou-s-adresser_a113083.html?com#comments
12-04-2017 09:34:50 AM - root - INFO - HTTP response None
12-04-2017 09:34:50 AM - root - INFO - Request OK!
12-04-2017 09:34:50 AM - requests.packages.urllib3.connectionpool - INFO - Starting new HTTP connection (1): www.zinfos974.com
12-04-2017 09:34:52 AM - requests.packages.urllib3.connectionpool - DEBUG - "GET /Saint-Leu-Il-sera-possible-de-se-balader-dans-les-airs-a-la-Salette_a113075.html HTTP/1.1" 200 11968
12-04-2017 09:34:52 AM - root - INFO - Extraction OK!
12-04-2017 09:34:52 AM - root - INFO - Datas successfully saved! NEXT?
12-04-2017 09:34:53 AM - root - INFO - HTTP response None
12-04-2017 09:34:53 AM - root - INFO - Request OK!
12-04-2017 09:34:53 AM - requests.packages.urllib3.connectionpool - INFO - Starting new HTTP connection (1): www.zinfos974.com
12-04-2017 09:34:54 AM - requests.packages.urllib3.connectionpool - DEBUG - "GET /La-FMF-dit-non-a-la-diffusion-des-donnees-de-sante-a-tous-vents_a113052.html HTTP/1.1" 200 12402
12-04-2017 09:34:55 AM - root - INFO - Extraction OK!
12-04-2017 09:34:55 AM - root - WARNING - Download error!!
12-04-2017 09:34:55 AM - root - ERROR - Could not download http://www.zinfos974.com/La-FMF-dit-non-a-la-diffusion-des-donnees-de-sante-a-tous-vents_a113052.html
12-04-2017 09:34:55 AM - root - INFO - HTTP response None
12-04-2017 09:34:55 AM - root - INFO - Request OK!
12-04-2017 09:34:55 AM - requests.packages.urllib3.connectionpool - INFO - Starting new HTTP connection (1): www.zinfos974.com
12-04-2017 09:34:56 AM - requests.packages.urllib3.connectionpool - DEBUG - "GET /Semaine-sainte-et-Paques-Les-principales-celebrations_a113089.html HTTP/1.1" 200 12364
12-04-2017 09:34:56 AM - root - INFO - Extraction OK!
12-04-2017 09:34:56 AM - root - INFO - Datas successfully saved! NEXT?
12-04-2017 09:34:57 AM - root - INFO - HTTP response None
12-04-2017 09:34:57 AM - root - INFO - Request OK!
12-04-2017 09:34:57 AM - requests.packages.urllib3.connectionpool - INFO - Starting new HTTP connection (1): www.zinfos974.com
12-04-2017 09:34:58 AM - requests.packages.urllib3.connectionpool - DEBUG - "GET /Quelle-pedagogie-adopter-Les-Rencontres-de-l-Education-se-tiennent-ce-jeudi-et-vendredi_a113087.html?com HTTP/1.1" 200 12707
12-04-2017 09:34:58 AM - root - INFO - Extraction OK!
12-04-2017 09:34:59 AM - root - INFO - HTTP response None
12-04-2017 09:34:59 AM - root - INFO - Request OK!
12-04-2017 09:34:59 AM - requests.packages.urllib3.connectionpool - INFO - Starting new HTTP connection (1): www.zinfos974.com
12-04-2017 09:34:59 AM - requests.packages.urllib3.connectionpool - DEBUG - "GET /Meteo-De-la-pluie-sur-le-Nord-Ouest-du-soleil-partout-ailleurs_a113103.html HTTP/1.1" 200 10189
12-04-2017 09:34:59 AM - root - INFO - Extraction OK!
12-04-2017 09:34:59 AM - root - INFO - Datas successfully saved! NEXT?
12-04-2017 09:35:01 AM - root - INFO - HTTP response None
12-04-2017 09:35:01 AM - root - INFO - Request OK!
12-04-2017 09:35:01 AM - requests.packages.urllib3.connectionpool - INFO - Starting new HTTP connection (1): www.zinfos974.com
12-04-2017 09:35:02 AM - requests.packages.urllib3.connectionpool - DEBUG - "GET /JEU-La-sortie-du-mercredi-Power-Rangers_a113037.html HTTP/1.1" 200 10614
12-04-2017 09:35:02 AM - root - INFO - Extraction OK!
12-04-2017 09:35:02 AM - root - INFO - Datas successfully saved! NEXT?
12-04-2017 09:35:03 AM - root - INFO - HTTP response None
12-04-2017 09:35:03 AM - root - INFO - Request OK!
12-04-2017 09:35:03 AM - requests.packages.urllib3.connectionpool - INFO - Starting new HTTP connection (1): www.zinfos974.com
12-04-2017 09:35:04 AM - requests.packages.urllib3.connectionpool - DEBUG - "GET /Meteo-De-la-pluie-sur-le-Nord-Ouest-du-soleil-partout-ailleurs_a113103.html?com HTTP/1.1" 200 10180
12-04-2017 09:35:04 AM - root - INFO - Extraction OK!
12-04-2017 09:35:05 AM - root - INFO - HTTP response None
12-04-2017 09:35:05 AM - root - INFO - Request OK!
12-04-2017 09:35:05 AM - requests.packages.urllib3.connectionpool - INFO - Starting new HTTP connection (1): www.zinfos974.com
12-04-2017 09:35:05 AM - requests.packages.urllib3.connectionpool - DEBUG - "GET /Le-CNARM-de-Saint-Pierre-emmenage-dans-de-nouveaux-locaux_a113097.html HTTP/1.1" 200 12478
12-04-2017 09:35:05 AM - root - INFO - Extraction OK!
12-04-2017 09:35:06 AM - root - INFO - Datas successfully saved! NEXT?
12-04-2017 09:35:06 AM - root - INFO - HTTP response None
12-04-2017 09:35:06 AM - root - INFO - Request OK!
12-04-2017 09:35:06 AM - requests.packages.urllib3.connectionpool - INFO - Starting new HTTP connection (1): www.zinfos974.com
12-04-2017 09:35:07 AM - requests.packages.urllib3.connectionpool - DEBUG - "GET /Bal-Tamoul-a-Lespas-ce-vendredi-14-avril_a113105.html HTTP/1.1" 200 9142
12-04-2017 09:35:07 AM - root - INFO - Extraction OK!
12-04-2017 09:35:07 AM - root - INFO - Datas successfully saved! NEXT?
12-04-2017 09:35:08 AM - root - INFO - HTTP response None
12-04-2017 09:35:08 AM - root - INFO - Request OK!
12-04-2017 09:35:08 AM - requests.packages.urllib3.connectionpool - INFO - Starting new HTTP connection (1): www.zinfos974.com
12-04-2017 09:35:09 AM - requests.packages.urllib3.connectionpool - DEBUG - "GET /La-France-Insoumise-7e-circonscription-Redonner-du-pouvoir-aux-citoyens_a113074.html?com HTTP/1.1" 200 18186
12-04-2017 09:35:10 AM - root - INFO - Extraction OK!
12-04-2017 09:35:10 AM - root - INFO - Datas successfully saved! NEXT?
12-04-2017 09:35:11 AM - root - INFO - HTTP response None
12-04-2017 09:35:11 AM - root - INFO - Request OK!
12-04-2017 09:35:11 AM - requests.packages.urllib3.connectionpool - INFO - Starting new HTTP connection (1): www.zinfos974.com
12-04-2017 09:35:13 AM - requests.packages.urllib3.connectionpool - DEBUG - "GET /La-France-Insoumise-7e-circonscription-Redonner-du-pouvoir-aux-citoyens_a113074.html HTTP/1.1" 200 18162
12-04-2017 09:35:13 AM - root - INFO - Extraction OK!
12-04-2017 09:35:14 AM - root - INFO - HTTP response None
12-04-2017 09:35:14 AM - root - INFO - Request OK!
12-04-2017 09:35:14 AM - requests.packages.urllib3.connectionpool - INFO - Starting new HTTP connection (1): www.zinfos974.com
12-04-2017 09:35:14 AM - requests.packages.urllib3.connectionpool - DEBUG - "GET /Guyane-Les-barrages-divisent-la-population_a113073.html HTTP/1.1" 200 13504
12-04-2017 09:35:14 AM - root - INFO - Extraction OK!
12-04-2017 09:35:15 AM - root - INFO - Datas successfully saved! NEXT?
12-04-2017 09:35:16 AM - root - INFO - HTTP response None
12-04-2017 09:35:16 AM - root - INFO - Request OK!
12-04-2017 09:35:16 AM - requests.packages.urllib3.connectionpool - INFO - Starting new HTTP connection (1): www.zinfos974.com
12-04-2017 09:35:17 AM - requests.packages.urllib3.connectionpool - DEBUG - "GET /Semaine-sainte-et-Paques-Les-principales-celebrations_a113089.html?com HTTP/1.1" 200 12343
12-04-2017 09:35:18 AM - root - INFO - Extraction OK!
12-04-2017 09:35:18 AM - root - INFO - HTTP response 400
12-04-2017 09:35:20 AM - root - INFO - HTTP response None
12-04-2017 09:35:20 AM - root - INFO - Request OK!
12-04-2017 09:35:20 AM - requests.packages.urllib3.connectionpool - INFO - Starting new HTTP connection (1): www.zinfos974.com
12-04-2017 09:35:21 AM - requests.packages.urllib3.connectionpool - DEBUG - "GET /Non-a-l-antenne-relais-de-Bois-d-Olives-_a113061.html HTTP/1.1" 200 11951
12-04-2017 09:35:21 AM - root - INFO - Extraction OK!
12-04-2017 09:35:21 AM - root - WARNING - Download error!!
12-04-2017 09:35:21 AM - root - ERROR - Could not download http://www.zinfos974.com/Non-a-l-antenne-relais-de-Bois-d-Olives-_a113061.html
12-04-2017 09:35:23 AM - root - INFO - HTTP response None
12-04-2017 09:35:23 AM - root - INFO - Request OK!
12-04-2017 09:35:23 AM - requests.packages.urllib3.connectionpool - INFO - Starting new HTTP connection (1): www.zinfos974.com
12-04-2017 09:35:23 AM - requests.packages.urllib3.connectionpool - DEBUG - "GET /REVUE-DE-PRESSE-Mercredi-12-avril-2017_a113100.html HTTP/1.1" 200 12234
12-04-2017 09:35:24 AM - root - INFO - Extraction OK!
12-04-2017 09:35:24 AM - root - INFO - Datas successfully saved! NEXT?
12-04-2017 09:35:25 AM - root - INFO - HTTP response None
12-04-2017 09:35:25 AM - root - INFO - Request OK!
12-04-2017 09:35:25 AM - requests.packages.urllib3.connectionpool - INFO - Starting new HTTP connection (1): www.zinfos974.com
12-04-2017 09:35:27 AM - requests.packages.urllib3.connectionpool - DEBUG - "GET /Une-maison-prend-feu-dans-le-quartier-de-Bois-d-olive_a113067.html HTTP/1.1" 200 11680
12-04-2017 09:35:27 AM - root - INFO - Extraction OK!
12-04-2017 09:35:28 AM - root - INFO - HTTP response None
12-04-2017 09:35:28 AM - root - INFO - Request OK!
12-04-2017 09:35:28 AM - requests.packages.urllib3.connectionpool - INFO - Starting new HTTP connection (1): www.zinfos974.com
12-04-2017 09:35:30 AM - requests.packages.urllib3.connectionpool - DEBUG - "GET /Guyane-Francois-Hollande-pret-a-recevoir-les-parlementaires-a-tout-moment_a113057.html HTTP/1.1" 200 12687
12-04-2017 09:35:30 AM - root - INFO - Extraction OK!
12-04-2017 09:35:30 AM - root - WARNING - Download error!!
12-04-2017 09:35:30 AM - root - ERROR - Could not download http://www.zinfos974.com/Guyane-Francois-Hollande-pret-a-recevoir-les-parlementaires-a-tout-moment_a113057.html
12-04-2017 09:35:31 AM - root - INFO - HTTP response None
12-04-2017 09:35:31 AM - root - INFO - Request OK!
12-04-2017 09:35:31 AM - requests.packages.urllib3.connectionpool - INFO - Starting new HTTP connection (1): www.zinfos974.com
12-04-2017 09:35:32 AM - requests.packages.urllib3.connectionpool - DEBUG - "GET /REVUE-DE-PRESSE-Mercredi-12-avril-2017_a113100.html?com HTTP/1.1" 200 12249
12-04-2017 09:35:32 AM - root - INFO - Extraction OK!
12-04-2017 09:35:33 AM - root - INFO - HTTP response None
12-04-2017 09:35:33 AM - root - INFO - Request OK!
12-04-2017 09:35:33 AM - requests.packages.urllib3.connectionpool - INFO - Starting new HTTP connection (1): www.zinfos974.com
12-04-2017 09:35:33 AM - requests.packages.urllib3.connectionpool - DEBUG - "GET /Tribune-libre-de-Guito-Narayanin-Je-laisse-la-justice-faire-son-travail_a113054.html?com HTTP/1.1" 200 13867
12-04-2017 09:35:33 AM - root - INFO - Extraction OK!
12-04-2017 09:35:35 AM - root - INFO - HTTP response None
12-04-2017 09:35:35 AM - root - INFO - Request OK!
12-04-2017 09:35:35 AM - requests.packages.urllib3.connectionpool - INFO - Starting new HTTP connection (1): www.zinfos974.com
12-04-2017 09:35:36 AM - requests.packages.urllib3.connectionpool - DEBUG - "GET /Le-CNARM-de-Saint-Pierre-emmenage-dans-de-nouveaux-locaux_a113097.html?com HTTP/1.1" 200 12462
12-04-2017 09:35:36 AM - root - INFO - Extraction OK!
12-04-2017 09:35:37 AM - root - INFO - HTTP response 404
12-04-2017 09:35:39 AM - root - INFO - HTTP response None
12-04-2017 09:35:39 AM - root - INFO - Request OK!
12-04-2017 09:35:39 AM - requests.packages.urllib3.connectionpool - INFO - Starting new HTTP connection (1): www.zinfos974.com
12-04-2017 09:35:39 AM - requests.packages.urllib3.connectionpool - DEBUG - "GET /Retour-sur-la-soiree-percutante-1Controlable-a-Saint-Denis_a113063.html?com HTTP/1.1" 200 12548
12-04-2017 09:35:39 AM - root - INFO - Extraction OK!
12-04-2017 09:35:41 AM - root - INFO - HTTP response None
12-04-2017 09:35:41 AM - root - INFO - Request OK!
12-04-2017 09:35:41 AM - requests.packages.urllib3.connectionpool - INFO - Starting new HTTP connection (1): www.zinfos974.com
12-04-2017 09:35:42 AM - requests.packages.urllib3.connectionpool - DEBUG - "GET /Deux-ecoles-de-Saint-Louis-evacuees-apres-une-desinsectisation_a113080.html HTTP/1.1" 200 12039
12-04-2017 09:35:42 AM - root - INFO - Extraction OK!
12-04-2017 09:35:44 AM - root - INFO - HTTP response None
12-04-2017 09:35:44 AM - root - INFO - Request OK!
12-04-2017 09:35:44 AM - requests.packages.urllib3.connectionpool - INFO - Starting new HTTP connection (1): www.zinfos974.com
12-04-2017 09:35:45 AM - requests.packages.urllib3.connectionpool - DEBUG - "GET /Aeroport-de-Pierrefonds-Bareigts-s-engage-aupres-de-Thien-Ah-Koon_a113086.html?com HTTP/1.1" 200 12598
12-04-2017 09:35:45 AM - root - INFO - Extraction OK!
12-04-2017 09:35:45 AM - root - WARNING - Download error!!
12-04-2017 09:35:45 AM - root - ERROR - Could not download http://www.zinfos974.com/Aeroport-de-Pierrefonds-Bareigts-s-engage-aupres-de-Thien-Ah-Koon_a113086.html?com#comments
12-04-2017 09:35:47 AM - root - INFO - HTTP response None
12-04-2017 09:35:47 AM - root - INFO - Request OK!
12-04-2017 09:35:47 AM - requests.packages.urllib3.connectionpool - INFO - Starting new HTTP connection (1): www.zinfos974.com
12-04-2017 09:35:48 AM - requests.packages.urllib3.connectionpool - DEBUG - "GET /Le-Port-Les-deux-voleurs-de-chantier-avaient-d-autres-intentions_a113064.html HTTP/1.1" 200 12213
12-04-2017 09:35:48 AM - root - INFO - Extraction OK!
12-04-2017 09:35:50 AM - root - INFO - HTTP response None
12-04-2017 09:35:50 AM - root - INFO - Request OK!
12-04-2017 09:35:50 AM - requests.packages.urllib3.connectionpool - INFO - Starting new HTTP connection (1): www.zinfos974.com
12-04-2017 09:35:51 AM - requests.packages.urllib3.connectionpool - DEBUG - "GET /Proces-Artaban-La-famille-de-Matheo-espere-des-dommages-et-interets_a113070.html?com HTTP/1.1" 200 13014
12-04-2017 09:35:51 AM - root - INFO - Extraction OK!
12-04-2017 09:35:52 AM - root - INFO - HTTP response None
12-04-2017 09:35:52 AM - root - INFO - Request OK!
12-04-2017 09:35:52 AM - requests.packages.urllib3.connectionpool - INFO - Starting new HTTP connection (1): www.zinfos974.com
12-04-2017 09:35:52 AM - requests.packages.urllib3.connectionpool - DEBUG - "GET /Un-sportif-comorien-reste-illegalement-apres-les-Jeux-des-iles-interpelle_a113101.html HTTP/1.1" 200 11397
12-04-2017 09:35:53 AM - root - INFO - Extraction OK!
12-04-2017 09:35:54 AM - root - INFO - HTTP response None
12-04-2017 09:35:54 AM - root - INFO - Request OK!
12-04-2017 09:35:54 AM - requests.packages.urllib3.connectionpool - INFO - Starting new HTTP connection (1): www.zinfos974.com
12-04-2017 09:35:56 AM - requests.packages.urllib3.connectionpool - DEBUG - "GET /Deux-associations-se-disputent-le-temple-malbar-de-Saint-Louis_a113039.html HTTP/1.1" 200 16530
12-04-2017 09:35:56 AM - root - INFO - Extraction OK!
12-04-2017 09:35:57 AM - root - INFO - HTTP response None
12-04-2017 09:35:57 AM - root - INFO - Request OK!
12-04-2017 09:35:57 AM - requests.packages.urllib3.connectionpool - INFO - Starting new HTTP connection (1): www.zinfos974.com
12-04-2017 09:35:58 AM - requests.packages.urllib3.connectionpool - DEBUG - "GET /REVUE-DE-PRESSE-Mardi-11-avril-2017_a113068.html?com HTTP/1.1" 200 12271
12-04-2017 09:35:58 AM - root - INFO - Extraction OK!
12-04-2017 09:35:59 AM - root - INFO - HTTP response None
12-04-2017 09:35:59 AM - root - INFO - Request OK!
12-04-2017 09:35:59 AM - requests.packages.urllib3.connectionpool - INFO - Starting new HTTP connection (1): www.zinfos974.com
12-04-2017 09:36:01 AM - requests.packages.urllib3.connectionpool - DEBUG - "GET /Saint-Leu-Il-sera-possible-de-se-balader-dans-les-airs-a-la-Salette_a113075.html?com HTTP/1.1" 200 11985
12-04-2017 09:36:01 AM - root - INFO - Extraction OK!
12-04-2017 09:36:03 AM - root - INFO - HTTP response None
12-04-2017 09:36:03 AM - root - INFO - Request OK!
12-04-2017 09:36:03 AM - requests.packages.urllib3.connectionpool - INFO - Starting new HTTP connection (1): www.zinfos974.com
12-04-2017 09:36:04 AM - requests.packages.urllib3.connectionpool - DEBUG - "GET /Corruption-Thierry-Robert-accuse-d-avoir-touche-un-pot-de-vin-de-20-000-pour-le-marche-de-l-eau_a112495.html HTTP/1.1" 200 23775
12-04-2017 09:36:05 AM - root - INFO - Extraction OK!
12-04-2017 09:36:05 AM - root - WARNING - Download error!!
12-04-2017 09:36:05 AM - root - ERROR - Could not download http://www.zinfos974.com/Corruption-Thierry-Robert-accuse-d-avoir-touche-un-pot-de-vin-de-20-000-pour-le-marche-de-l-eau_a112495.html
12-04-2017 09:36:05 AM - root - INFO - HTTP response None
12-04-2017 09:36:05 AM - root - INFO - Request OK!
12-04-2017 09:36:05 AM - requests.packages.urllib3.connectionpool - INFO - Starting new HTTP connection (1): www.zinfos974.com
12-04-2017 09:36:06 AM - requests.packages.urllib3.connectionpool - DEBUG - "GET /Presidentielle-315-demandeurs-d-emploi-mettent-sous-pli-des-millions-de-professions-de-foi_a113088.html HTTP/1.1" 200 12583
12-04-2017 09:36:06 AM - root - INFO - Extraction OK!
12-04-2017 09:36:06 AM - root - INFO - Datas successfully saved! NEXT?
12-04-2017 09:36:07 AM - root - INFO - HTTP response None
12-04-2017 09:36:07 AM - root - INFO - Request OK!
12-04-2017 09:36:07 AM - requests.packages.urllib3.connectionpool - INFO - Starting new HTTP connection (1): www.zinfos974.com
12-04-2017 09:36:07 AM - requests.packages.urllib3.connectionpool - DEBUG - "GET /Jean-Jacques-Morel-se-lance-dans-la-1ere-circonscription-pour-une-veritable-alternance_a113085.html HTTP/1.1" 200 18221
12-04-2017 09:36:08 AM - root - INFO - Extraction OK!
12-04-2017 09:36:08 AM - root - INFO - Datas successfully saved! NEXT?
12-04-2017 09:36:09 AM - root - INFO - HTTP response None
12-04-2017 09:36:09 AM - root - INFO - Request OK!
12-04-2017 09:36:09 AM - requests.packages.urllib3.connectionpool - INFO - Starting new HTTP connection (1): www.zinfos974.com
12-04-2017 09:36:10 AM - requests.packages.urllib3.connectionpool - DEBUG - "GET /Chasse-au-tangue-Un-braconnier-pris-la-main-dans-le-sac_a113046.html HTTP/1.1" 200 12734
12-04-2017 09:36:10 AM - root - INFO - Extraction OK!
12-04-2017 09:36:11 AM - root - INFO - HTTP response None
12-04-2017 09:36:11 AM - root - INFO - Request OK!
12-04-2017 09:36:11 AM - requests.packages.urllib3.connectionpool - INFO - Starting new HTTP connection (1): www.zinfos974.com
12-04-2017 09:36:11 AM - requests.packages.urllib3.connectionpool - DEBUG - "GET /Meteo-Une-belle-journee-en-perspective_a113071.html HTTP/1.1" 200 9867
12-04-2017 09:36:12 AM - root - INFO - Extraction OK!
12-04-2017 09:36:12 AM - root - INFO - HTTP response 400
12-04-2017 09:36:14 AM - root - INFO - HTTP response None
12-04-2017 09:36:14 AM - root - INFO - Request OK!
12-04-2017 09:36:14 AM - requests.packages.urllib3.connectionpool - INFO - Starting new HTTP connection (1): www.zinfos974.com
12-04-2017 09:36:14 AM - requests.packages.urllib3.connectionpool - DEBUG - "GET /Jean-Jacques-Morel-se-lance-dans-la-1ere-circonscription-pour-une-veritable-alternance_a113085.html?com HTTP/1.1" 200 18230
12-04-2017 09:36:14 AM - root - INFO - Extraction OK!
12-04-2017 09:36:15 AM - root - INFO - HTTP response None
12-04-2017 09:36:15 AM - root - INFO - Request OK!
12-04-2017 09:36:15 AM - requests.packages.urllib3.connectionpool - INFO - Starting new HTTP connection (1): www.zinfos974.com
12-04-2017 09:36:16 AM - requests.packages.urllib3.connectionpool - DEBUG - "GET /Parliament-TV-Show-Saison-I-episode-3_a113099.html HTTP/1.1" 200 13282
12-04-2017 09:36:16 AM - root - INFO - Extraction OK!
12-04-2017 09:36:17 AM - root - INFO - HTTP response None
12-04-2017 09:36:17 AM - root - INFO - Request OK!
12-04-2017 09:36:17 AM - requests.packages.urllib3.connectionpool - INFO - Starting new HTTP connection (1): www.zinfos974.com
12-04-2017 09:36:17 AM - requests.packages.urllib3.connectionpool - DEBUG - "GET /Un-client-voit-sa-peine-confirmee-pour-le-viol-d-une-prostituee_a113084.html HTTP/1.1" 200 11880
12-04-2017 09:36:17 AM - root - INFO - Extraction OK!
12-04-2017 09:36:20 AM - root - INFO - HTTP response None
12-04-2017 09:36:20 AM - root - INFO - Request OK!
12-04-2017 09:36:20 AM - requests.packages.urllib3.connectionpool - INFO - Starting new HTTP connection (1): www.zinfos974.com
12-04-2017 09:36:21 AM - requests.packages.urllib3.connectionpool - DEBUG - "GET /Paranormal-974-Les-enquetes-inedites-de-Zinfos-974_a113065.html?com HTTP/1.1" 200 16162
12-04-2017 09:36:22 AM - root - INFO - Extraction OK!
12-04-2017 09:36:22 AM - root - INFO - Articles saved for this source
